{"level":"error","message":"Position update batch error: Operation `traininstances.find()` buffering timed out after 10000ms","timestamp":"2026-05-01 14:14:10"}
{"level":"error","message":"Failed to start server: logger is not defined","timestamp":"2026-05-01 14:56:20"}
{"level":"error","message":"next is not a function","stack":"TypeError: next is not a function\n    at model.<anonymous> (C:\\Users\\Manjeet shaw\\Desktop\\EkkWomm\\Backend\\src\\models\\User.js:97:3)\n    at async Kareem.execPre (C:\\Users\\Manjeet shaw\\Desktop\\EkkWomm\\Backend\\node_modules\\kareem\\index.js:61:24)\n    at async model.$__save (C:\\Users\\Manjeet shaw\\Desktop\\EkkWomm\\Backend\\node_modules\\mongoose\\lib\\model.js:397:5)\n    at async model.save (C:\\Users\\Manjeet shaw\\Desktop\\EkkWomm\\Backend\\node_modules\\mongoose\\lib\\model.js:667:5)\n    at async model.create (C:\\Users\\Manjeet shaw\\Desktop\\EkkWomm\\Backend\\node_modules\\mongoose\\lib\\model.js:2747:5)\n    at async exports.register (C:\\Users\\Manjeet shaw\\Desktop\\EkkWomm\\Backend\\src\\controllers\\authController.js:32:18)","timestamp":"2026-05-01 16:02:54","url":"/api/v1/auth/register"}
{"level":"error","message":"Position update batch error: getaddrinfo ENOTFOUND ac-prvytss-shard-00-00.xyklpii.mongodb.net","timestamp":"2026-05-01 20:46:30"}
{"level":"error","message":"Position update batch error: getaddrinfo ENOTFOUND ac-prvytss-shard-00-00.xyklpii.mongodb.net","timestamp":"2026-05-01 20:47:30"}
{"level":"error","message":"Position update batch error: getaddrinfo ENOTFOUND ac-prvytss-shard-00-00.xyklpii.mongodb.net","timestamp":"2026-05-01 20:48:30"}
{"level":"error","message":"Position update batch error: getaddrinfo ENOTFOUND ac-prvytss-shard-00-00.xyklpii.mongodb.net","timestamp":"2026-05-01 20:49:30"}
{"level":"error","message":"Position update batch error: getaddrinfo ENOTFOUND ac-prvytss-shard-00-00.xyklpii.mongodb.net","timestamp":"2026-05-01 20:50:30"}
{"level":"error","message":"Position update batch error: getaddrinfo ENOTFOUND ac-prvytss-shard-00-00.xyklpii.mongodb.net","timestamp":"2026-05-01 20:51:30"}
{"level":"error","message":"Position update batch error: getaddrinfo ENOTFOUND ac-prvytss-shard-00-00.xyklpii.mongodb.net","timestamp":"2026-05-01 20:52:30"}
{"level":"error","message":"Position update batch error: getaddrinfo ENOTFOUND ac-prvytss-shard-00-00.xyklpii.mongodb.net","timestamp":"2026-05-01 20:53:30"}
{"level":"error","message":"Position update batch error: getaddrinfo ENOTFOUND ac-prvytss-shard-00-00.xyklpii.mongodb.net","timestamp":"2026-05-01 20:54:30"}
{"level":"error","message":"Position update batch error: getaddrinfo ENOTFOUND ac-prvytss-shard-00-00.xyklpii.mongodb.net","timestamp":"2026-05-01 20:55:30"}
{"level":"error","message":"Position update batch error: getaddrinfo ENOTFOUND ac-prvytss-shard-00-00.xyklpii.mongodb.net","timestamp":"2026-05-01 20:56:30"}
{"level":"error","message":"Position update batch error: getaddrinfo ENOTFOUND ac-prvytss-shard-00-00.xyklpii.mongodb.net","timestamp":"2026-05-01 20:57:30"}
{"level":"error","message":"Position update batch error: getaddrinfo ENOTFOUND ac-prvytss-shard-00-00.xyklpii.mongodb.net","timestamp":"2026-05-01 23:12:55"}
{"level":"error","message":"Position update batch error: getaddrinfo ENOTFOUND ac-prvytss-shard-00-00.xyklpii.mongodb.net","timestamp":"2026-05-01 23:13:30"}
{"level":"error","message":"Position update batch error: getaddrinfo ENOTFOUND ac-prvytss-shard-00-00.xyklpii.mongodb.net","timestamp":"2026-05-01 23:14:30"}
{"level":"error","message":"Position update batch error: getaddrinfo ENOTFOUND ac-prvytss-shard-00-00.xyklpii.mongodb.net","timestamp":"2026-05-01 23:15:30"}
{"level":"error","message":"Position update batch error: getaddrinfo ENOTFOUND ac-prvytss-shard-00-00.xyklpii.mongodb.net","timestamp":"2026-05-01 23:16:30"}
{"level":"error","message":"Position update batch error: getaddrinfo ENOTFOUND ac-prvytss-shard-00-00.xyklpii.mongodb.net","timestamp":"2026-05-01 23:28:44"}
{"level":"error","message":"Position update batch error: getaddrinfo ENOTFOUND ac-prvytss-shard-00-00.xyklpii.mongodb.net","timestamp":"2026-05-01 23:29:30"}
{"level":"error","message":"Cannot populate path `followedPilots` because it is not in your schema. Set the `strictPopulate` option to false to override.","stack":"StrictPopulateError: Cannot populate path `followedPilots` because it is not in your schema. Set the `strictPopulate` option to false to override.\n    at getModelsMapForPopulate (C:\\Users\\Manjeet shaw\\Desktop\\EkkWomm\\Backend\\node_modules\\mongoose\\lib\\helpers\\populate\\getModelsMapForPopulate.js:50:12)\n    at _populatePath (C:\\Users\\Manjeet shaw\\Desktop\\EkkWomm\\Backend\\node_modules\\mongoose\\lib\\model.js:4492:21)\n    at model.populate (C:\\Users\\Manjeet shaw\\Desktop\\EkkWomm\\Backend\\node_modules\\mongoose\\lib\\model.js:4459:21)\n    at C:\\Users\\Manjeet shaw\\Desktop\\EkkWomm\\Backend\\node_modules\\mongoose\\lib\\query.js:2654:11\n    at _init (C:\\Users\\Manjeet shaw\\Desktop\\EkkWomm\\Backend\\node_modules\\mongoose\\lib\\query.js:3330:5)\n    at Document.init (C:\\Users\\Manjeet shaw\\Desktop\\EkkWomm\\Backend\\node_modules\\mongoose\\lib\\document.js:660:5)\n    at Document.$init (C:\\Users\\Manjeet shaw\\Desktop\\EkkWomm\\Backend\\node_modules\\mongoose\\lib\\document.js:673:42)\n    at Object.createModelAndInit (C:\\Users\\Manjeet shaw\\Desktop\\EkkWomm\\Backend\\node_modules\\mongoose\\lib\\queryHelpers.js:123:12)\n    at completeOne (C:\\Users\\Manjeet shaw\\Desktop\\EkkWomm\\Backend\\node_modules\\mongoose\\lib\\query.js:3308:11)\n    at Query._completeOne (C:\\Users\\Manjeet shaw\\Desktop\\EkkWomm\\Backend\\node_modules\\mongoose\\lib\\query.js:2650:3)","timestamp":"2026-05-02 21:59:29","url":"/api/v1/auth/me"}
{"level":"error","message":"Cannot populate path `followedPilots` because it is not in your schema. Set the `strictPopulate` option to false to override.","stack":"StrictPopulateError: Cannot populate path `followedPilots` because it is not in your schema. Set the `strictPopulate` option to false to override.\n    at getModelsMapForPopulate (C:\\Users\\Manjeet shaw\\Desktop\\EkkWomm\\Backend\\node_modules\\mongoose\\lib\\helpers\\populate\\getModelsMapForPopulate.js:50:12)\n    at _populatePath (C:\\Users\\Manjeet shaw\\Desktop\\EkkWomm\\Backend\\node_modules\\mongoose\\lib\\model.js:4492:21)\n    at model.populate (C:\\Users\\Manjeet shaw\\Desktop\\EkkWomm\\Backend\\node_modules\\mongoose\\lib\\model.js:4459:21)\n    at C:\\Users\\Manjeet shaw\\Desktop\\EkkWomm\\Backend\\node_modules\\mongoose\\lib\\query.js:2654:11\n    at _init (C:\\Users\\Manjeet shaw\\Desktop\\EkkWomm\\Backend\\node_modules\\mongoose\\lib\\query.js:3330:5)\n    at Document.init (C:\\Users\\Manjeet shaw\\Desktop\\EkkWomm\\Backend\\node_modules\\mongoose\\lib\\document.js:660:5)\n    at Document.$init (C:\\Users\\Manjeet shaw\\Desktop\\EkkWomm\\Backend\\node_modules\\mongoose\\lib\\document.js:673:42)\n    at Object.createModelAndInit (C:\\Users\\Manjeet shaw\\Desktop\\EkkWomm\\Backend\\node_modules\\mongoose\\lib\\queryHelpers.js:123:12)\n    at completeOne (C:\\Users\\Manjeet shaw\\Desktop\\EkkWomm\\Backend\\node_modules\\mongoose\\lib\\query.js:3308:11)\n    at Query._completeOne (C:\\Users\\Manjeet shaw\\Desktop\\EkkWomm\\Backend\\node_modules\\mongoose\\lib\\query.js:2650:3)","timestamp":"2026-05-02 21:59:29","url":"/api/v1/auth/me"}
{"level":"error","message":"Cannot populate path `followedPilots` because it is not in your schema. Set the `strictPopulate` option to false to override.","stack":"StrictPopulateError: Cannot populate path `followedPilots` because it is not in your schema. Set the `strictPopulate` option to false to override.\n    at getModelsMapForPopulate (C:\\Users\\Manjeet shaw\\Desktop\\EkkWomm\\Backend\\node_modules\\mongoose\\lib\\helpers\\populate\\getModelsMapForPopulate.js:50:12)\n    at _populatePath (C:\\Users\\Manjeet shaw\\Desktop\\EkkWomm\\Backend\\node_modules\\mongoose\\lib\\model.js:4492:21)\n    at model.populate (C:\\Users\\Manjeet shaw\\Desktop\\EkkWomm\\Backend\\node_modules\\mongoose\\lib\\model.js:4459:21)\n    at C:\\Users\\Manjeet shaw\\Desktop\\EkkWomm\\Backend\\node_modules\\mongoose\\lib\\query.js:2654:11\n    at _init (C:\\Users\\Manjeet shaw\\Desktop\\EkkWomm\\Backend\\node_modules\\mongoose\\lib\\query.js:3330:5)\n    at Document.init (C:\\Users\\Manjeet shaw\\Desktop\\EkkWomm\\Backend\\node_modules\\mongoose\\lib\\document.js:660:5)\n    at Document.$init (C:\\Users\\Manjeet shaw\\Desktop\\EkkWomm\\Backend\\node_modules\\mongoose\\lib\\document.js:673:42)\n    at Object.createModelAndInit (C:\\Users\\Manjeet shaw\\Desktop\\EkkWomm\\Backend\\node_modules\\mongoose\\lib\\queryHelpers.js:123:12)\n    at completeOne (C:\\Users\\Manjeet shaw\\Desktop\\EkkWomm\\Backend\\node_modules\\mongoose\\lib\\query.js:3308:11)\n    at Query._completeOne (C:\\Users\\Manjeet shaw\\Desktop\\EkkWomm\\Backend\\node_modules\\mongoose\\lib\\query.js:2650:3)","timestamp":"2026-05-02 22:24:32","url":"/api/v1/auth/me"}
{"level":"error","message":"Cannot populate path `followedPilots` because it is not in your schema. Set the `strictPopulate` option to false to override.","stack":"StrictPopulateError: Cannot populate path `followedPilots` because it is not in your schema. Set the `strictPopulate` option to false to override.\n    at getModelsMapForPopulate (C:\\Users\\Manjeet shaw\\Desktop\\EkkWomm\\Backend\\node_modules\\mongoose\\lib\\helpers\\populate\\getModelsMapForPopulate.js:50:12)\n    at _populatePath (C:\\Users\\Manjeet shaw\\Desktop\\EkkWomm\\Backend\\node_modules\\mongoose\\lib\\model.js:4492:21)\n    at model.populate (C:\\Users\\Manjeet shaw\\Desktop\\EkkWomm\\Backend\\node_modules\\mongoose\\lib\\model.js:4459:21)\n    at C:\\Users\\Manjeet shaw\\Desktop\\EkkWomm\\Backend\\node_modules\\mongoose\\lib\\query.js:2654:11\n    at _init (C:\\Users\\Manjeet shaw\\Desktop\\EkkWomm\\Backend\\node_modules\\mongoose\\lib\\query.js:3330:5)\n    at Document.init (C:\\Users\\Manjeet shaw\\Desktop\\EkkWomm\\Backend\\node_modules\\mongoose\\lib\\document.js:660:5)\n    at Document.$init (C:\\Users\\Manjeet shaw\\Desktop\\EkkWomm\\Backend\\node_modules\\mongoose\\lib\\document.js:673:42)\n    at Object.createModelAndInit (C:\\Users\\Manjeet shaw\\Desktop\\EkkWomm\\Backend\\node_modules\\mongoose\\lib\\queryHelpers.js:123:12)\n    at completeOne (C:\\Users\\Manjeet shaw\\Desktop\\EkkWomm\\Backend\\node_modules\\mongoose\\lib\\query.js:3308:11)\n    at Query._completeOne (C:\\Users\\Manjeet shaw\\Desktop\\EkkWomm\\Backend\\node_modules\\mongoose\\lib\\query.js:2650:3)","timestamp":"2026-05-02 22:24:32","url":"/api/v1/auth/me"}
{"level":"error","message":"Cannot populate path `followedPilots` because it is not in your schema. Set the `strictPopulate` option to false to override.","stack":"StrictPopulateError: Cannot populate path `followedPilots` because it is not in your schema. Set the `strictPopulate` option to false to override.\n    at getModelsMapForPopulate (C:\\Users\\Manjeet shaw\\Desktop\\EkkWomm\\Backend\\node_modules\\mongoose\\lib\\helpers\\populate\\getModelsMapForPopulate.js:50:12)\n    at _populatePath (C:\\Users\\Manjeet shaw\\Desktop\\EkkWomm\\Backend\\node_modules\\mongoose\\lib\\model.js:4492:21)\n    at model.populate (C:\\Users\\Manjeet shaw\\Desktop\\EkkWomm\\Backend\\node_modules\\mongoose\\lib\\model.js:4459:21)\n    at C:\\Users\\Manjeet shaw\\Desktop\\EkkWomm\\Backend\\node_modules\\mongoose\\lib\\query.js:2654:11\n    at _init (C:\\Users\\Manjeet shaw\\Desktop\\EkkWomm\\Backend\\node_modules\\mongoose\\lib\\query.js:3330:5)\n    at Document.init (C:\\Users\\Manjeet shaw\\Desktop\\EkkWomm\\Backend\\node_modules\\mongoose\\lib\\document.js:660:5)\n    at Document.$init (C:\\Users\\Manjeet shaw\\Desktop\\EkkWomm\\Backend\\node_modules\\mongoose\\lib\\document.js:673:42)\n    at Object.createModelAndInit (C:\\Users\\Manjeet shaw\\Desktop\\EkkWomm\\Backend\\node_modules\\mongoose\\lib\\queryHelpers.js:123:12)\n    at completeOne (C:\\Users\\Manjeet shaw\\Desktop\\EkkWomm\\Backend\\node_modules\\mongoose\\lib\\query.js:3308:11)\n    at Query._completeOne (C:\\Users\\Manjeet shaw\\Desktop\\EkkWomm\\Backend\\node_modules\\mongoose\\lib\\query.js:2650:3)","timestamp":"2026-05-02 22:37:45","url":"/api/v1/auth/me"}
{"level":"error","message":"Cannot populate path `followedPilots` because it is not in your schema. Set the `strictPopulate` option to false to override.","stack":"StrictPopulateError: Cannot populate path `followedPilots` because it is not in your schema. Set the `strictPopulate` option to false to override.\n    at getModelsMapForPopulate (C:\\Users\\Manjeet shaw\\Desktop\\EkkWomm\\Backend\\node_modules\\mongoose\\lib\\helpers\\populate\\getModelsMapForPopulate.js:50:12)\n    at _populatePath (C:\\Users\\Manjeet shaw\\Desktop\\EkkWomm\\Backend\\node_modules\\mongoose\\lib\\model.js:4492:21)\n    at model.populate (C:\\Users\\Manjeet shaw\\Desktop\\EkkWomm\\Backend\\node_modules\\mongoose\\lib\\model.js:4459:21)\n    at C:\\Users\\Manjeet shaw\\Desktop\\EkkWomm\\Backend\\node_modules\\mongoose\\lib\\query.js:2654:11\n    at _init (C:\\Users\\Manjeet shaw\\Desktop\\EkkWomm\\Backend\\node_modules\\mongoose\\lib\\query.js:3330:5)\n    at Document.init (C:\\Users\\Manjeet shaw\\Desktop\\EkkWomm\\Backend\\node_modules\\mongoose\\lib\\document.js:660:5)\n    at Document.$init (C:\\Users\\Manjeet shaw\\Desktop\\EkkWomm\\Backend\\node_modules\\mongoose\\lib\\document.js:673:42)\n    at Object.createModelAndInit (C:\\Users\\Manjeet shaw\\Desktop\\EkkWomm\\Backend\\node_modules\\mongoose\\lib\\queryHelpers.js:123:12)\n    at completeOne (C:\\Users\\Manjeet shaw\\Desktop\\EkkWomm\\Backend\\node_modules\\mongoose\\lib\\query.js:3308:11)\n    at Query._completeOne (C:\\Users\\Manjeet shaw\\Desktop\\EkkWomm\\Backend\\node_modules\\mongoose\\lib\\query.js:2650:3)","timestamp":"2026-05-02 22:37:45","url":"/api/v1/auth/me"}
{"level":"error","message":"Incorrect email or password.","stack":"Error: Incorrect email or password.\n    at exports.login (C:\\Users\\Manjeet shaw\\Desktop\\EkkWomm\\Backend\\src\\controllers\\authController.js:51:19)\n    at process.processTicksAndRejections (node:internal/process/task_queues:104:5)","timestamp":"2026-05-02 22:38:08","url":"/api/v1/auth/login"}
{"level":"error","message":"Incorrect email or password.","stack":"Error: Incorrect email or password.\n    at exports.login (C:\\Users\\Manjeet shaw\\Desktop\\EkkWomm\\Backend\\src\\controllers\\authController.js:51:19)\n    at process.processTicksAndRejections (node:internal/process/task_queues:104:5)","timestamp":"2026-05-02 22:38:14","url":"/api/v1/auth/login"}
{"level":"error","message":"Incorrect email or password.","stack":"Error: Incorrect email or password.\n    at exports.login (C:\\Users\\Manjeet shaw\\Desktop\\EkkWomm\\Backend\\src\\controllers\\authController.js:51:19)\n    at process.processTicksAndRejections (node:internal/process/task_queues:104:5)","timestamp":"2026-05-02 22:38:15","url":"/api/v1/auth/login"}
{"level":"error","message":"Incorrect email or password.","stack":"Error: Incorrect email or password.\n    at exports.login (C:\\Users\\Manjeet shaw\\Desktop\\EkkWomm\\Backend\\src\\controllers\\authController.js:51:19)\n    at process.processTicksAndRejections (node:internal/process/task_queues:104:5)","timestamp":"2026-05-03 11:20:39","url":"/api/v1/auth/login"}
{"level":"error","message":"Incorrect email or password.","stack":"Error: Incorrect email or password.\n    at exports.login (C:\\Users\\Manjeet shaw\\Desktop\\EkkWomm\\Backend\\src\\controllers\\authController.js:51:19)\n    at process.processTicksAndRejections (node:internal/process/task_queues:104:5)","timestamp":"2026-05-03 11:20:44","url":"/api/v1/auth/login"}
{"level":"error","message":"Incorrect email or password.","stack":"Error: Incorrect email or password.\n    at exports.login (C:\\Users\\Manjeet shaw\\Desktop\\EkkWomm\\Backend\\src\\controllers\\authController.js:51:19)\n    at process.processTicksAndRejections (node:internal/process/task_queues:104:5)","timestamp":"2026-05-03 11:20:45","url":"/api/v1/auth/login"}
{"level":"error","message":"Position update batch error: getaddrinfo ENOTFOUND ac-prvytss-shard-00-00.xyklpii.mongodb.net","timestamp":"2026-05-03 11:59:30"}
{"level":"error","message":"Position update batch error: getaddrinfo ENOTFOUND ac-prvytss-shard-00-00.xyklpii.mongodb.net","timestamp":"2026-05-03 12:00:30"}
{"level":"error","message":"Position update batch error: getaddrinfo ENOTFOUND ac-prvytss-shard-00-00.xyklpii.mongodb.net","timestamp":"2026-05-03 12:01:30"}
{"level":"error","message":"Position update batch error: getaddrinfo ENOTFOUND ac-prvytss-shard-00-00.xyklpii.mongodb.net","timestamp":"2026-05-03 12:02:30"}
{"level":"error","message":"Position update batch error: getaddrinfo ENOTFOUND ac-prvytss-shard-00-00.xyklpii.mongodb.net","timestamp":"2026-05-03 12:03:30"}
{"level":"error","message":"Position update batch error: getaddrinfo ENOTFOUND ac-prvytss-shard-00-00.xyklpii.mongodb.net","timestamp":"2026-05-03 12:04:30"}
{"level":"error","message":"Position update batch error: getaddrinfo ENOTFOUND ac-prvytss-shard-00-00.xyklpii.mongodb.net","timestamp":"2026-05-03 12:05:30"}
{"level":"error","message":"Position update batch error: getaddrinfo ENOTFOUND ac-prvytss-shard-00-00.xyklpii.mongodb.net","timestamp":"2026-05-03 12:06:30"}
{"level":"error","message":"Position update batch error: getaddrinfo ENOTFOUND ac-prvytss-shard-00-00.xyklpii.mongodb.net","timestamp":"2026-05-03 12:07:30"}
{"level":"error","message":"Position update batch error: getaddrinfo ENOTFOUND ac-prvytss-shard-00-00.xyklpii.mongodb.net","timestamp":"2026-05-03 12:12:56"}
{"level":"error","message":"Position update batch error: getaddrinfo ENOTFOUND ac-prvytss-shard-00-00.xyklpii.mongodb.net","timestamp":"2026-05-03 12:13:30"}
{"level":"error","message":"Position update batch error: getaddrinfo ENOTFOUND ac-prvytss-shard-00-00.xyklpii.mongodb.net","timestamp":"2026-05-03 12:14:30"}
{"level":"error","message":"Position update batch error: getaddrinfo ENOTFOUND ac-prvytss-shard-00-00.xyklpii.mongodb.net","timestamp":"2026-05-03 12:15:30"}
{"level":"error","message":"Position update batch error: getaddrinfo ENOTFOUND ac-prvytss-shard-00-00.xyklpii.mongodb.net","timestamp":"2026-05-03 12:16:30"}
{"level":"error","message":"Position update batch error: getaddrinfo ENOTFOUND ac-prvytss-shard-00-00.xyklpii.mongodb.net","timestamp":"2026-05-03 12:17:30"}
{"level":"error","message":"Position update batch error: getaddrinfo ENOTFOUND ac-prvytss-shard-00-00.xyklpii.mongodb.net","timestamp":"2026-05-03 12:18:30"}
{"level":"error","message":"Position update batch error: getaddrinfo ENOTFOUND ac-prvytss-shard-00-00.xyklpii.mongodb.net","timestamp":"2026-05-03 12:19:30"}
{"level":"error","message":"Position update batch error: getaddrinfo ENOTFOUND ac-prvytss-shard-00-00.xyklpii.mongodb.net","timestamp":"2026-05-03 12:20:30"}
{"level":"error","message":"Position update batch error: getaddrinfo ENOTFOUND ac-prvytss-shard-00-00.xyklpii.mongodb.net","timestamp":"2026-05-03 12:21:30"}
{"level":"error","message":"Position update batch error: getaddrinfo ENOTFOUND ac-prvytss-shard-00-00.xyklpii.mongodb.net","timestamp":"2026-05-03 12:22:30"}
{"level":"error","message":"Position update batch error: getaddrinfo ENOTFOUND ac-prvytss-shard-00-00.xyklpii.mongodb.net","timestamp":"2026-05-03 12:23:30"}
{"level":"error","message":"Position update batch error: getaddrinfo ENOTFOUND ac-prvytss-shard-00-00.xyklpii.mongodb.net","timestamp":"2026-05-03 12:24:30"}
{"level":"error","message":"Position update batch error: getaddrinfo ENOTFOUND ac-prvytss-shard-00-00.xyklpii.mongodb.net","timestamp":"2026-05-03 12:25:30"}
{"level":"error","message":"Position update batch error: getaddrinfo ENOTFOUND ac-prvytss-shard-00-00.xyklpii.mongodb.net","timestamp":"2026-05-03 12:26:30"}
{"level":"error","message":"Position update batch error: getaddrinfo ENOTFOUND ac-prvytss-shard-00-00.xyklpii.mongodb.net","timestamp":"2026-05-03 12:27:30"}
{"level":"error","message":"Position update batch error: getaddrinfo ENOTFOUND ac-prvytss-shard-00-00.xyklpii.mongodb.net","timestamp":"2026-05-03 12:30:31"}
{"level":"error","message":"Position update batch error: getaddrinfo ENOTFOUND ac-prvytss-shard-00-00.xyklpii.mongodb.net","timestamp":"2026-05-03 13:19:30"}
{"level":"error","message":"Position update failed for 12431: getaddrinfo ENOTFOUND ac-prvytss-shard-00-00.xyklpii.mongodb.net","timestamp":"2026-05-03 13:20:01"}
{"level":"error","message":"Position update batch error: getaddrinfo ENOTFOUND ac-prvytss-shard-00-00.xyklpii.mongodb.net","timestamp":"2026-05-03 13:20:30"}
{"level":"error","message":"Position update failed for 12625: getaddrinfo ENOTFOUND ac-prvytss-shard-00-00.xyklpii.mongodb.net","timestamp":"2026-05-03 13:21:01"}
{"level":"error","message":"Position update batch error: getaddrinfo ENOTFOUND ac-prvytss-shard-00-00.xyklpii.mongodb.net","timestamp":"2026-05-03 13:21:30"}
{"level":"error","message":"Position update failed for 12621: getaddrinfo ENOTFOUND ac-prvytss-shard-00-00.xyklpii.mongodb.net","timestamp":"2026-05-03 13:22:01"}
{"level":"error","message":"Position update batch error: getaddrinfo ENOTFOUND ac-prvytss-shard-00-00.xyklpii.mongodb.net","timestamp":"2026-05-03 13:22:30"}
{"level":"error","message":"Position update failed for 12723: getaddrinfo ENOTFOUND ac-prvytss-shard-00-00.xyklpii.mongodb.net","timestamp":"2026-05-03 13:23:01"}
{"level":"error","message":"Position update batch error: getaddrinfo ENOTFOUND ac-prvytss-shard-00-00.xyklpii.mongodb.net","timestamp":"2026-05-03 13:23:30"}
{"level":"error","message":"Position update failed for 12805: getaddrinfo ENOTFOUND ac-prvytss-shard-00-00.xyklpii.mongodb.net","timestamp":"2026-05-03 13:24:01"}
{"level":"error","message":"Position update batch error: getaddrinfo ENOTFOUND ac-prvytss-shard-00-00.xyklpii.mongodb.net","timestamp":"2026-05-03 13:24:30"}
{"level":"error","message":"Position update failed for 12909: getaddrinfo ENOTFOUND ac-prvytss-shard-00-00.xyklpii.mongodb.net","timestamp":"2026-05-03 13:25:01"}
{"level":"error","message":"Position update batch error: getaddrinfo ENOTFOUND ac-prvytss-shard-00-00.xyklpii.mongodb.net","timestamp":"2026-05-03 13:25:30"}
{"level":"error","message":"Position update failed for 11057: getaddrinfo ENOTFOUND ac-prvytss-shard-00-00.xyklpii.mongodb.net","timestamp":"2026-05-03 13:26:01"}
{"level":"error","message":"Position update batch error: getaddrinfo ENOTFOUND ac-prvytss-shard-00-00.xyklpii.mongodb.net","timestamp":"2026-05-03 13:26:30"}
{"level":"error","message":"Position update failed for 12393: getaddrinfo ENOTFOUND ac-prvytss-shard-00-00.xyklpii.mongodb.net","timestamp":"2026-05-03 13:27:01"}
{"level":"error","message":"Position update batch error: getaddrinfo ENOTFOUND ac-prvytss-shard-00-00.xyklpii.mongodb.net","timestamp":"2026-05-03 13:27:30"}
{"level":"error","message":"Position update failed for 12953: getaddrinfo ENOTFOUND ac-prvytss-shard-00-00.xyklpii.mongodb.net","timestamp":"2026-05-03 13:28:01"}
{"level":"error","message":"Position update batch error: getaddrinfo ENOTFOUND ac-prvytss-shard-00-00.xyklpii.mongodb.net","timestamp":"2026-05-03 13:28:30"}
{"level":"error","message":"Position update failed for 12560: getaddrinfo ENOTFOUND ac-prvytss-shard-00-00.xyklpii.mongodb.net","timestamp":"2026-05-03 13:29:01"}
{"level":"error","message":"Position update batch error: getaddrinfo ENOTFOUND ac-prvytss-shard-00-00.xyklpii.mongodb.net","timestamp":"2026-05-03 14:14:11"}
{"level":"error","message":"Position update failed for 12004: getaddrinfo ENOTFOUND ac-prvytss-shard-00-00.xyklpii.mongodb.net","timestamp":"2026-05-03 14:14:41"}
{"level":"error","message":"Position update batch error: getaddrinfo ENOTFOUND ac-prvytss-shard-00-00.xyklpii.mongodb.net","timestamp":"2026-05-03 14:15:30"}
{"level":"error","message":"Position update failed for 13009: getaddrinfo ENOTFOUND ac-prvytss-shard-00-00.xyklpii.mongodb.net","timestamp":"2026-05-03 14:15:41"}
{"level":"error","message":"Position update batch error: getaddrinfo ENOTFOUND ac-prvytss-shard-00-00.xyklpii.mongodb.net","timestamp":"2026-05-03 14:16:30"}
{"level":"error","message":"Position update failed for 12875: getaddrinfo ENOTFOUND ac-prvytss-shard-00-00.xyklpii.mongodb.net","timestamp":"2026-05-03 14:16:41"}
{"level":"error","message":"Position update batch error: getaddrinfo ENOTFOUND ac-prvytss-shard-00-00.xyklpii.mongodb.net","timestamp":"2026-05-03 14:46:49"}
{"level":"error","message":"Position update batch error: getaddrinfo ENOTFOUND ac-prvytss-shard-00-00.xyklpii.mongodb.net","timestamp":"2026-05-03 14:47:30"}
{"level":"error","message":"Position update batch error: getaddrinfo ENOTFOUND ac-prvytss-shard-00-00.xyklpii.mongodb.net","timestamp":"2026-05-03 14:48:30"}
{"level":"error","message":"Position update batch error: getaddrinfo ENOTFOUND ac-prvytss-shard-00-00.xyklpii.mongodb.net","timestamp":"2026-05-03 14:49:30"}
{"level":"error","message":"Position update batch error: getaddrinfo ENOTFOUND ac-prvytss-shard-00-00.xyklpii.mongodb.net","timestamp":"2026-05-03 15:03:30"}
{"level":"error","message":"Position update batch error: getaddrinfo ENOTFOUND ac-prvytss-shard-00-00.xyklpii.mongodb.net","timestamp":"2026-05-03 15:04:30"}
{"level":"error","message":"Position update batch error: getaddrinfo ENOTFOUND ac-prvytss-shard-00-00.xyklpii.mongodb.net","timestamp":"2026-05-03 15:05:30"}
{"level":"error","message":"Position update batch error: getaddrinfo ENOTFOUND ac-prvytss-shard-00-00.xyklpii.mongodb.net","timestamp":"2026-05-03 15:06:30"}
{"level":"error","message":"Position update batch error: getaddrinfo ENOTFOUND ac-prvytss-shard-00-00.xyklpii.mongodb.net","timestamp":"2026-05-03 15:07:30"}
